<?xml version="1.0" encoding="UTF-8"?>
<!-- Generated by org.testng.reporters.JUnitXMLReporter -->
<testsuite ignored="0" hostname="W5CG8235CXD" failures="0" tests="14" name="UserTests" time="21.702" errors="0" timestamp="2024-09-18T17:04:00 IST">
  <testcase classname="api.tests.UserTests" name="test_PostUser" time="3.124"/>
  <testcase classname="api.tests.UserTests" name="test_getUserByName" time="1.107"/>
  <testcase classname="api.tests.UserTests" name="test_updateUserByUserName" time="2.189"/>
  <testcase classname="api.tests.UserTests" name="test_deleteUserByName" time="1.064"/>
  <testcase classname="api.tests.DataDrivenTests" name="testPostuser" time="1.086"/>
  <testcase classname="api.tests.DataDrivenTests" name="testPostuser" time="1.077"/>
  <testcase classname="api.tests.DataDrivenTests" name="testPostuser" time="1.166"/>
  <testcase classname="api.tests.DataDrivenTests" name="testDeleteUserByName" time="1.084"/>
  <testcase classname="api.tests.DataDrivenTests" name="testDeleteUserByName" time="1.088"/>
  <testcase classname="api.tests.DataDrivenTests" name="testDeleteUserByName" time="1.143"/>
  <testcase classname="api.tests.UserTestswithPropFile" name="test_PostUser" time="1.075"/>
  <testcase classname="api.tests.UserTestswithPropFile" name="test_getUserByName" time="1.079"/>
  <testcase classname="api.tests.UserTestswithPropFile" name="test_updateUserByUserName" time="2.158"/>
  <testcase classname="api.tests.UserTestswithPropFile" name="test_deleteUserByName" time="1.08"/>
</testsuite> <!-- UserTests -->
