<?xml version="1.0" encoding="UTF-8"?>
<!-- Generated by org.testng.reporters.JUnitXMLReporter -->
<testsuite ignored="0" hostname="W5CG8235CXD" failures="0" tests="4" name="Test" time="3.9" errors="0" timestamp="2024-09-13T18:11:26 IST">
  <testcase classname="apiChaining.CreateUser" name="test_CreateUser" time="2.814"/>
  <testcase classname="apiChaining.GetUser" name="test_GetUser" time="0.413"/>
  <testcase classname="apiChaining.UpdateUser" name="test_UpdateUser" time="0.372"/>
  <testcase classname="apiChaining.DeleteUser" name="test_DeleteUser" time="0.25"/>
</testsuite> <!-- Test -->
