<?xml version="1.0" encoding="UTF-8"?>
<testng-results ignored="0" total="14" passed="14" failed="0" skipped="0">
  <reporter-output>
  </reporter-output>
  <suite started-at="2024-09-18T17:03:38 IST" name="TestSuite" finished-at="2024-09-18T17:03:59 IST" duration-ms="21702">
    <groups>
    </groups>
    <test started-at="2024-09-18T17:03:38 IST" name="UserTests" finished-at="2024-09-18T17:03:59 IST" duration-ms="21702">
      <class name="api.tests.UserTests">
        <test-method is-config="true" signature="setUpData()[pri:0, instance:api.tests.UserTests@1a6d8329]" started-at="2024-09-18T17:03:38 IST" name="setUpData" finished-at="2024-09-18T17:03:39 IST" duration-ms="856" status="PASS">
          <reporter-output>
          </reporter-output>
        </test-method> <!-- setUpData -->
        <test-method signature="test_PostUser()[pri:1, instance:api.tests.UserTests@1a6d8329]" started-at="2024-09-18T17:03:39 IST" name="test_PostUser" finished-at="2024-09-18T17:03:42 IST" duration-ms="3124" status="PASS">
          <reporter-output>
          </reporter-output>
        </test-method> <!-- test_PostUser -->
        <test-method signature="test_getUserByName()[pri:2, instance:api.tests.UserTests@1a6d8329]" started-at="2024-09-18T17:03:42 IST" name="test_getUserByName" finished-at="2024-09-18T17:03:43 IST" duration-ms="1107" status="PASS">
          <reporter-output>
          </reporter-output>
        </test-method> <!-- test_getUserByName -->
        <test-method signature="test_updateUserByUserName()[pri:3, instance:api.tests.UserTests@1a6d8329]" started-at="2024-09-18T17:03:43 IST" name="test_updateUserByUserName" finished-at="2024-09-18T17:03:45 IST" duration-ms="2189" status="PASS">
          <reporter-output>
          </reporter-output>
        </test-method> <!-- test_updateUserByUserName -->
        <test-method signature="test_deleteUserByName()[pri:4, instance:api.tests.UserTests@1a6d8329]" started-at="2024-09-18T17:03:45 IST" name="test_deleteUserByName" finished-at="2024-09-18T17:03:46 IST" duration-ms="1064" status="PASS">
          <reporter-output>
          </reporter-output>
        </test-method> <!-- test_deleteUserByName -->
      </class> <!-- api.tests.UserTests -->
      <class name="api.tests.DataDrivenTests">
        <test-method signature="testPostuser(java.lang.String,java.lang.String,java.lang.String,java.lang.String,java.lang.String,java.lang.String,java.lang.String)[pri:1, instance:api.tests.DataDrivenTests@2892d68]" started-at="2024-09-18T17:03:47 IST" name="testPostuser" data-provider="Data" finished-at="2024-09-18T17:03:48 IST" duration-ms="1086" status="PASS">
          <params>
            <param index="0">
              <value>
                <![CDATA[10001]]>
              </value>
            </param>
            <param index="1">
              <value>
                <![CDATA[Subba]]>
              </value>
            </param>
            <param index="2">
              <value>
                <![CDATA[Subba]]>
              </value>
            </param>
            <param index="3">
              <value>
                <![CDATA[Rao]]>
              </value>
            </param>
            <param index="4">
              <value>
                <![CDATA[s@a.com]]>
              </value>
            </param>
            <param index="5">
              <value>
                <![CDATA[Test@123$]]>
              </value>
            </param>
            <param index="6">
              <value>
                <![CDATA[9999999999]]>
              </value>
            </param>
          </params>
          <reporter-output>
          </reporter-output>
        </test-method> <!-- testPostuser -->
        <test-method signature="testPostuser(java.lang.String,java.lang.String,java.lang.String,java.lang.String,java.lang.String,java.lang.String,java.lang.String)[pri:1, instance:api.tests.DataDrivenTests@2892d68]" started-at="2024-09-18T17:03:48 IST" name="testPostuser" data-provider="Data" finished-at="2024-09-18T17:03:49 IST" duration-ms="1077" status="PASS">
          <params>
            <param index="0">
              <value>
                <![CDATA[10002]]>
              </value>
            </param>
            <param index="1">
              <value>
                <![CDATA[Rao]]>
              </value>
            </param>
            <param index="2">
              <value>
                <![CDATA[Rao]]>
              </value>
            </param>
            <param index="3">
              <value>
                <![CDATA[Test]]>
              </value>
            </param>
            <param index="4">
              <value>
                <![CDATA[r@a.com]]>
              </value>
            </param>
            <param index="5">
              <value>
                <![CDATA[Test@345$]]>
              </value>
            </param>
            <param index="6">
              <value>
                <![CDATA[8899999999]]>
              </value>
            </param>
          </params>
          <reporter-output>
          </reporter-output>
        </test-method> <!-- testPostuser -->
        <test-method signature="testPostuser(java.lang.String,java.lang.String,java.lang.String,java.lang.String,java.lang.String,java.lang.String,java.lang.String)[pri:1, instance:api.tests.DataDrivenTests@2892d68]" started-at="2024-09-18T17:03:49 IST" name="testPostuser" data-provider="Data" finished-at="2024-09-18T17:03:51 IST" duration-ms="1166" status="PASS">
          <params>
            <param index="0">
              <value>
                <![CDATA[10003]]>
              </value>
            </param>
            <param index="1">
              <value>
                <![CDATA[RaoSubba]]>
              </value>
            </param>
            <param index="2">
              <value>
                <![CDATA[Rao]]>
              </value>
            </param>
            <param index="3">
              <value>
                <![CDATA[Subba]]>
              </value>
            </param>
            <param index="4">
              <value>
                <![CDATA[sr@a.com]]>
              </value>
            </param>
            <param index="5">
              <value>
                <![CDATA[Test@341a5$]]>
              </value>
            </param>
            <param index="6">
              <value>
                <![CDATA[8899999999]]>
              </value>
            </param>
          </params>
          <reporter-output>
          </reporter-output>
        </test-method> <!-- testPostuser -->
        <test-method signature="testDeleteUserByName(java.lang.String)[pri:2, instance:api.tests.DataDrivenTests@2892d68]" started-at="2024-09-18T17:03:51 IST" name="testDeleteUserByName" data-provider="UserNames" finished-at="2024-09-18T17:03:52 IST" duration-ms="1084" status="PASS">
          <params>
            <param index="0">
              <value>
                <![CDATA[Subba]]>
              </value>
            </param>
          </params>
          <reporter-output>
          </reporter-output>
        </test-method> <!-- testDeleteUserByName -->
        <test-method signature="testDeleteUserByName(java.lang.String)[pri:2, instance:api.tests.DataDrivenTests@2892d68]" started-at="2024-09-18T17:03:52 IST" name="testDeleteUserByName" data-provider="UserNames" finished-at="2024-09-18T17:03:53 IST" duration-ms="1088" status="PASS">
          <params>
            <param index="0">
              <value>
                <![CDATA[Rao]]>
              </value>
            </param>
          </params>
          <reporter-output>
          </reporter-output>
        </test-method> <!-- testDeleteUserByName -->
        <test-method signature="testDeleteUserByName(java.lang.String)[pri:2, instance:api.tests.DataDrivenTests@2892d68]" started-at="2024-09-18T17:03:53 IST" name="testDeleteUserByName" data-provider="UserNames" finished-at="2024-09-18T17:03:54 IST" duration-ms="1143" status="PASS">
          <params>
            <param index="0">
              <value>
                <![CDATA[RaoSubba]]>
              </value>
            </param>
          </params>
          <reporter-output>
          </reporter-output>
        </test-method> <!-- testDeleteUserByName -->
      </class> <!-- api.tests.DataDrivenTests -->
      <class name="api.tests.UserTestswithPropFile">
        <test-method is-config="true" signature="setUpData()[pri:0, instance:api.tests.UserTestswithPropFile@5ab956d7]" started-at="2024-09-18T17:03:54 IST" name="setUpData" finished-at="2024-09-18T17:03:54 IST" duration-ms="26" status="PASS">
          <reporter-output>
          </reporter-output>
        </test-method> <!-- setUpData -->
        <test-method signature="test_PostUser()[pri:1, instance:api.tests.UserTestswithPropFile@5ab956d7]" started-at="2024-09-18T17:03:54 IST" name="test_PostUser" finished-at="2024-09-18T17:03:55 IST" duration-ms="1075" status="PASS">
          <reporter-output>
          </reporter-output>
        </test-method> <!-- test_PostUser -->
        <test-method signature="test_getUserByName()[pri:2, instance:api.tests.UserTestswithPropFile@5ab956d7]" started-at="2024-09-18T17:03:55 IST" name="test_getUserByName" finished-at="2024-09-18T17:03:56 IST" duration-ms="1079" status="PASS">
          <reporter-output>
          </reporter-output>
        </test-method> <!-- test_getUserByName -->
        <test-method signature="test_updateUserByUserName()[pri:3, instance:api.tests.UserTestswithPropFile@5ab956d7]" started-at="2024-09-18T17:03:56 IST" name="test_updateUserByUserName" finished-at="2024-09-18T17:03:58 IST" duration-ms="2158" status="PASS">
          <reporter-output>
          </reporter-output>
        </test-method> <!-- test_updateUserByUserName -->
        <test-method signature="test_deleteUserByName()[pri:4, instance:api.tests.UserTestswithPropFile@5ab956d7]" started-at="2024-09-18T17:03:58 IST" name="test_deleteUserByName" finished-at="2024-09-18T17:03:59 IST" duration-ms="1080" status="PASS">
          <reporter-output>
          </reporter-output>
        </test-method> <!-- test_deleteUserByName -->
      </class> <!-- api.tests.UserTestswithPropFile -->
    </test> <!-- UserTests -->
  </suite> <!-- TestSuite -->
</testng-results>
