<?xml version="1.0" encoding="UTF-8"?>
<testng-results ignored="0" total="4" passed="4" failed="0" skipped="0">
  <reporter-output>
  </reporter-output>
  <suite started-at="2024-09-13T18:11:23 IST" name="Suite" finished-at="2024-09-13T18:11:26 IST" duration-ms="3900">
    <groups>
    </groups>
    <test started-at="2024-09-13T18:11:23 IST" name="Test" finished-at="2024-09-13T18:11:26 IST" duration-ms="3900">
      <class name="apiChaining.UpdateUser">
        <test-method signature="test_UpdateUser(org.testng.ITestContext)[pri:0, instance:apiChaining.UpdateUser@771a660]" started-at="2024-09-13T18:11:26 IST" name="test_UpdateUser" finished-at="2024-09-13T18:11:26 IST" duration-ms="372" status="PASS">
          <params>
            <param index="0">
              <value>
                <![CDATA[org.testng.TestRunner@55de24cc]]>
              </value>
            </param>
          </params>
          <reporter-output>
          </reporter-output>
        </test-method> <!-- test_UpdateUser -->
      </class> <!-- apiChaining.UpdateUser -->
      <class name="apiChaining.CreateUser">
        <test-method signature="test_CreateUser(org.testng.ITestContext)[pri:0, instance:apiChaining.CreateUser@47d9a273]" started-at="2024-09-13T18:11:23 IST" name="test_CreateUser" finished-at="2024-09-13T18:11:25 IST" duration-ms="2814" status="PASS">
          <params>
            <param index="0">
              <value>
                <![CDATA[org.testng.TestRunner@55de24cc]]>
              </value>
            </param>
          </params>
          <reporter-output>
          </reporter-output>
        </test-method> <!-- test_CreateUser -->
      </class> <!-- apiChaining.CreateUser -->
      <class name="apiChaining.DeleteUser">
        <test-method signature="test_DeleteUser(org.testng.ITestContext)[pri:0, instance:apiChaining.DeleteUser@2d52216b]" started-at="2024-09-13T18:11:26 IST" name="test_DeleteUser" finished-at="2024-09-13T18:11:26 IST" duration-ms="250" status="PASS">
          <params>
            <param index="0">
              <value>
                <![CDATA[org.testng.TestRunner@55de24cc]]>
              </value>
            </param>
          </params>
          <reporter-output>
          </reporter-output>
        </test-method> <!-- test_DeleteUser -->
      </class> <!-- apiChaining.DeleteUser -->
      <class name="apiChaining.GetUser">
        <test-method signature="test_GetUser(org.testng.ITestContext)[pri:0, instance:apiChaining.GetUser@73e9cf30]" started-at="2024-09-13T18:11:25 IST" name="test_GetUser" finished-at="2024-09-13T18:11:26 IST" duration-ms="413" status="PASS">
          <params>
            <param index="0">
              <value>
                <![CDATA[org.testng.TestRunner@55de24cc]]>
              </value>
            </param>
          </params>
          <reporter-output>
          </reporter-output>
        </test-method> <!-- test_GetUser -->
      </class> <!-- apiChaining.GetUser -->
    </test> <!-- Test -->
  </suite> <!-- Suite -->
</testng-results>
