<?xml version="1.0" encoding="UTF-8"?>
<testng-results ignored="0" total="14" passed="14" failed="0" skipped="0">
  <reporter-output>
  </reporter-output>
  <suite started-at="2024-09-18T16:49:09 IST" name="TestSuite" finished-at="2024-09-18T16:49:31 IST" duration-ms="22484">
    <groups>
    </groups>
    <test started-at="2024-09-18T16:49:09 IST" name="UserTests" finished-at="2024-09-18T16:49:31 IST" duration-ms="22484">
      <class name="api.tests.UserTests">
        <test-method is-config="true" signature="setUpData()[pri:0, instance:api.tests.UserTests@41a0aa7d]" started-at="2024-09-18T16:49:09 IST" name="setUpData" finished-at="2024-09-18T16:49:10 IST" duration-ms="873" status="PASS">
          <reporter-output>
          </reporter-output>
        </test-method> <!-- setUpData -->
        <test-method signature="test_PostUser()[pri:1, instance:api.tests.UserTests@41a0aa7d]" started-at="2024-09-18T16:49:10 IST" name="test_PostUser" finished-at="2024-09-18T16:49:13 IST" duration-ms="3159" status="PASS">
          <reporter-output>
          </reporter-output>
        </test-method> <!-- test_PostUser -->
        <test-method signature="test_getUserByName()[pri:2, instance:api.tests.UserTests@41a0aa7d]" started-at="2024-09-18T16:49:13 IST" name="test_getUserByName" finished-at="2024-09-18T16:49:15 IST" duration-ms="1156" status="PASS">
          <reporter-output>
          </reporter-output>
        </test-method> <!-- test_getUserByName -->
        <test-method signature="test_updateUserByUserName()[pri:3, instance:api.tests.UserTests@41a0aa7d]" started-at="2024-09-18T16:49:15 IST" name="test_updateUserByUserName" finished-at="2024-09-18T16:49:17 IST" duration-ms="2239" status="PASS">
          <reporter-output>
          </reporter-output>
        </test-method> <!-- test_updateUserByUserName -->
        <test-method signature="test_deleteUserByName()[pri:4, instance:api.tests.UserTests@41a0aa7d]" started-at="2024-09-18T16:49:17 IST" name="test_deleteUserByName" finished-at="2024-09-18T16:49:18 IST" duration-ms="1104" status="PASS">
          <reporter-output>
          </reporter-output>
        </test-method> <!-- test_deleteUserByName -->
      </class> <!-- api.tests.UserTests -->
      <class name="api.tests.DataDrivenTests">
        <test-method signature="testPostuser(java.lang.String,java.lang.String,java.lang.String,java.lang.String,java.lang.String,java.lang.String,java.lang.String)[pri:1, instance:api.tests.DataDrivenTests@60099951]" started-at="2024-09-18T16:49:19 IST" name="testPostuser" data-provider="Data" finished-at="2024-09-18T16:49:20 IST" duration-ms="1133" status="PASS">
          <params>
            <param index="0">
              <value>
                <![CDATA[10001]]>
              </value>
            </param>
            <param index="1">
              <value>
                <![CDATA[Subba]]>
              </value>
            </param>
            <param index="2">
              <value>
                <![CDATA[Subba]]>
              </value>
            </param>
            <param index="3">
              <value>
                <![CDATA[Rao]]>
              </value>
            </param>
            <param index="4">
              <value>
                <![CDATA[s@a.com]]>
              </value>
            </param>
            <param index="5">
              <value>
                <![CDATA[Test@123$]]>
              </value>
            </param>
            <param index="6">
              <value>
                <![CDATA[9999999999]]>
              </value>
            </param>
          </params>
          <reporter-output>
          </reporter-output>
        </test-method> <!-- testPostuser -->
        <test-method signature="testPostuser(java.lang.String,java.lang.String,java.lang.String,java.lang.String,java.lang.String,java.lang.String,java.lang.String)[pri:1, instance:api.tests.DataDrivenTests@60099951]" started-at="2024-09-18T16:49:20 IST" name="testPostuser" data-provider="Data" finished-at="2024-09-18T16:49:21 IST" duration-ms="1221" status="PASS">
          <params>
            <param index="0">
              <value>
                <![CDATA[10002]]>
              </value>
            </param>
            <param index="1">
              <value>
                <![CDATA[Rao]]>
              </value>
            </param>
            <param index="2">
              <value>
                <![CDATA[Rao]]>
              </value>
            </param>
            <param index="3">
              <value>
                <![CDATA[Test]]>
              </value>
            </param>
            <param index="4">
              <value>
                <![CDATA[r@a.com]]>
              </value>
            </param>
            <param index="5">
              <value>
                <![CDATA[Test@345$]]>
              </value>
            </param>
            <param index="6">
              <value>
                <![CDATA[8899999999]]>
              </value>
            </param>
          </params>
          <reporter-output>
          </reporter-output>
        </test-method> <!-- testPostuser -->
        <test-method signature="testPostuser(java.lang.String,java.lang.String,java.lang.String,java.lang.String,java.lang.String,java.lang.String,java.lang.String)[pri:1, instance:api.tests.DataDrivenTests@60099951]" started-at="2024-09-18T16:49:21 IST" name="testPostuser" data-provider="Data" finished-at="2024-09-18T16:49:23 IST" duration-ms="1106" status="PASS">
          <params>
            <param index="0">
              <value>
                <![CDATA[10003]]>
              </value>
            </param>
            <param index="1">
              <value>
                <![CDATA[RaoSubba]]>
              </value>
            </param>
            <param index="2">
              <value>
                <![CDATA[Rao]]>
              </value>
            </param>
            <param index="3">
              <value>
                <![CDATA[Subba]]>
              </value>
            </param>
            <param index="4">
              <value>
                <![CDATA[sr@a.com]]>
              </value>
            </param>
            <param index="5">
              <value>
                <![CDATA[Test@341a5$]]>
              </value>
            </param>
            <param index="6">
              <value>
                <![CDATA[8899999999]]>
              </value>
            </param>
          </params>
          <reporter-output>
          </reporter-output>
        </test-method> <!-- testPostuser -->
        <test-method signature="testDeleteUserByName(java.lang.String)[pri:2, instance:api.tests.DataDrivenTests@60099951]" started-at="2024-09-18T16:49:23 IST" name="testDeleteUserByName" data-provider="UserNames" finished-at="2024-09-18T16:49:24 IST" duration-ms="1113" status="PASS">
          <params>
            <param index="0">
              <value>
                <![CDATA[Subba]]>
              </value>
            </param>
          </params>
          <reporter-output>
          </reporter-output>
        </test-method> <!-- testDeleteUserByName -->
        <test-method signature="testDeleteUserByName(java.lang.String)[pri:2, instance:api.tests.DataDrivenTests@60099951]" started-at="2024-09-18T16:49:24 IST" name="testDeleteUserByName" data-provider="UserNames" finished-at="2024-09-18T16:49:25 IST" duration-ms="1089" status="PASS">
          <params>
            <param index="0">
              <value>
                <![CDATA[Rao]]>
              </value>
            </param>
          </params>
          <reporter-output>
          </reporter-output>
        </test-method> <!-- testDeleteUserByName -->
        <test-method signature="testDeleteUserByName(java.lang.String)[pri:2, instance:api.tests.DataDrivenTests@60099951]" started-at="2024-09-18T16:49:25 IST" name="testDeleteUserByName" data-provider="UserNames" finished-at="2024-09-18T16:49:26 IST" duration-ms="1075" status="PASS">
          <params>
            <param index="0">
              <value>
                <![CDATA[RaoSubba]]>
              </value>
            </param>
          </params>
          <reporter-output>
          </reporter-output>
        </test-method> <!-- testDeleteUserByName -->
      </class> <!-- api.tests.DataDrivenTests -->
      <class name="api.tests.UserTestswithPropFile">
        <test-method is-config="true" signature="setUpData()[pri:0, instance:api.tests.UserTestswithPropFile@20140db9]" started-at="2024-09-18T16:49:26 IST" name="setUpData" finished-at="2024-09-18T16:49:26 IST" duration-ms="60" status="PASS">
          <reporter-output>
          </reporter-output>
        </test-method> <!-- setUpData -->
        <test-method signature="test_PostUser()[pri:1, instance:api.tests.UserTestswithPropFile@20140db9]" started-at="2024-09-18T16:49:26 IST" name="test_PostUser" finished-at="2024-09-18T16:49:27 IST" duration-ms="1117" status="PASS">
          <reporter-output>
          </reporter-output>
        </test-method> <!-- test_PostUser -->
        <test-method signature="test_getUserByName()[pri:2, instance:api.tests.UserTestswithPropFile@20140db9]" started-at="2024-09-18T16:49:27 IST" name="test_getUserByName" finished-at="2024-09-18T16:49:28 IST" duration-ms="1084" status="PASS">
          <reporter-output>
          </reporter-output>
        </test-method> <!-- test_getUserByName -->
        <test-method signature="test_updateUserByUserName()[pri:3, instance:api.tests.UserTestswithPropFile@20140db9]" started-at="2024-09-18T16:49:28 IST" name="test_updateUserByUserName" finished-at="2024-09-18T16:49:30 IST" duration-ms="2231" status="PASS">
          <reporter-output>
          </reporter-output>
        </test-method> <!-- test_updateUserByUserName -->
        <test-method signature="test_deleteUserByName()[pri:4, instance:api.tests.UserTestswithPropFile@20140db9]" started-at="2024-09-18T16:49:30 IST" name="test_deleteUserByName" finished-at="2024-09-18T16:49:31 IST" duration-ms="1077" status="PASS">
          <reporter-output>
          </reporter-output>
        </test-method> <!-- test_deleteUserByName -->
      </class> <!-- api.tests.UserTestswithPropFile -->
    </test> <!-- UserTests -->
  </suite> <!-- TestSuite -->
</testng-results>
