<?xml version="1.0" encoding="UTF-8"?>
<!-- Generated by org.testng.reporters.JUnitReportReporter -->
<testsuite hostname="WPF45D05X" failures="0" tests="3" name="rsuc.apitesting.Test_03_DynamicJSONTesting" time="2.589" errors="0" timestamp="2025-01-03T16:03:26 IST" skipped="0">
  <testcase classname="rsuc.apitesting.Test_03_DynamicJSONTesting" name="addBook" time="2.064"/>
  <system-out/>
  <testcase classname="rsuc.apitesting.Test_03_DynamicJSONTesting" name="addBook" time="0.267"/>
  <system-out/>
  <testcase classname="rsuc.apitesting.Test_03_DynamicJSONTesting" name="addBook" time="0.258"/>
  <system-out/>
</testsuite> <!-- rsuc.apitesting.Test_03_DynamicJSONTesting -->
