<?xml version="1.0" encoding="UTF-8"?>
<!-- Generated by org.testng.reporters.JUnitXMLReporter -->
<testsuite ignored="0" hostname="W5CG8235CXD" failures="0" tests="14" name="UserTests" time="22.484" errors="0" timestamp="2024-09-18T16:49:31 IST">
  <testcase classname="api.tests.UserTests" name="test_PostUser" time="3.159"/>
  <testcase classname="api.tests.UserTests" name="test_getUserByName" time="1.156"/>
  <testcase classname="api.tests.UserTests" name="test_updateUserByUserName" time="2.239"/>
  <testcase classname="api.tests.UserTests" name="test_deleteUserByName" time="1.104"/>
  <testcase classname="api.tests.DataDrivenTests" name="testPostuser" time="1.133"/>
  <testcase classname="api.tests.DataDrivenTests" name="testPostuser" time="1.221"/>
  <testcase classname="api.tests.DataDrivenTests" name="testPostuser" time="1.106"/>
  <testcase classname="api.tests.DataDrivenTests" name="testDeleteUserByName" time="1.113"/>
  <testcase classname="api.tests.DataDrivenTests" name="testDeleteUserByName" time="1.089"/>
  <testcase classname="api.tests.DataDrivenTests" name="testDeleteUserByName" time="1.075"/>
  <testcase classname="api.tests.UserTestswithPropFile" name="test_PostUser" time="1.117"/>
  <testcase classname="api.tests.UserTestswithPropFile" name="test_getUserByName" time="1.084"/>
  <testcase classname="api.tests.UserTestswithPropFile" name="test_updateUserByUserName" time="2.231"/>
  <testcase classname="api.tests.UserTestswithPropFile" name="test_deleteUserByName" time="1.077"/>
</testsuite> <!-- UserTests -->
